ResNetCifar10(
  (conv1): Conv2d(3, 64, kernel_size=(3, 3), stride=(1, 1), padding=(1, 1), bias=False)
  (bn1): BatchNorm2d(64, eps=1e-05, momentum=0.1, affine=True, track_running_stats=True)
  (relu): ReLU(inplace=True)
  (layer1): Sequential(
    (0): BasicBlock(
      (conv1): Conv2d(64, 64, kernel_size=(3, 3), stride=(1, 1), padding=(1, 1), bias=False)
      (bn1): BatchNorm2d(64, eps=1e-05, momentum=0.1, affine=True, track_running_stats=True)
      (relu): ReLU(inplace=True)
      (conv2): Conv2d(64, 64, kernel_size=(3, 3), stride=(1, 1), padding=(1, 1), bias=False)
      (bn2): BatchNorm2d(64, eps=1e-05, momentum=0.1, affine=True, track_running_stats=True)
    )
    (1): BasicBlock(
      (conv1): Conv2d(64, 64, kernel_size=(3, 3), stride=(1, 1), padding=(1, 1), bias=False)
      (bn1): BatchNorm2d(64, eps=1e-05, momentum=0.1, affine=True, track_running_stats=True)
      (relu): ReLU(inplace=True)
      (conv2): Conv2d(64, 64, kernel_size=(3, 3), stride=(1, 1), padding=(1, 1), bias=False)
      (bn2): BatchNorm2d(64, eps=1e-05, momentum=0.1, affine=True, track_running_stats=True)
    )
  )
  (layer2): Sequential(
    (0): BasicBlock(
      (conv1): Conv2d(64, 128, kernel_size=(3, 3), stride=(2, 2), padding=(1, 1), bias=False)
      (bn1): BatchNorm2d(128, eps=1e-05, momentum=0.1, affine=True, track_running_stats=True)
      (relu): ReLU(inplace=True)
      (conv2): Conv2d(128, 128, kernel_size=(3, 3), stride=(1, 1), padding=(1, 1), bias=False)
      (bn2): BatchNorm2d(128, eps=1e-05, momentum=0.1, affine=True, track_running_stats=True)
      (downsample): Sequential(
        (0): Conv2d(64, 128, kernel_size=(1, 1), stride=(2, 2), bias=False)
        (1): BatchNorm2d(128, eps=1e-05, momentum=0.1, affine=True, track_running_stats=True)
      )
    )
    (1): BasicBlock(
      (conv1): Conv2d(128, 128, kernel_size=(3, 3), stride=(1, 1), padding=(1, 1), bias=False)
      (bn1): BatchNorm2d(128, eps=1e-05, momentum=0.1, affine=True, track_running_stats=True)
      (relu): ReLU(inplace=True)
      (conv2): Conv2d(128, 128, kernel_size=(3, 3), stride=(1, 1), padding=(1, 1), bias=False)
      (bn2): BatchNorm2d(128, eps=1e-05, momentum=0.1, affine=True, track_running_stats=True)
    )
  )
  (layer3): Sequential(
    (0): BasicBlock(
      (conv1): Conv2d(128, 256, kernel_size=(3, 3), stride=(2, 2), padding=(1, 1), bias=False)
      (bn1): BatchNorm2d(256, eps=1e-05, momentum=0.1, affine=True, track_running_stats=True)
      (relu): ReLU(inplace=True)
      (conv2): Conv2d(256, 256, kernel_size=(3, 3), stride=(1, 1), padding=(1, 1), bias=False)
      (bn2): BatchNorm2d(256, eps=1e-05, momentum=0.1, affine=True, track_running_stats=True)
      (downsample): Sequential(
        (0): Conv2d(128, 256, kernel_size=(1, 1), stride=(2, 2), bias=False)
        (1): BatchNorm2d(256, eps=1e-05, momentum=0.1, affine=True, track_running_stats=True)
      )
    )
    (1): BasicBlock(
      (conv1): Conv2d(256, 256, kernel_size=(3, 3), stride=(1, 1), padding=(1, 1), bias=False)
      (bn1): BatchNorm2d(256, eps=1e-05, momentum=0.1, affine=True, track_running_stats=True)
      (relu): ReLU(inplace=True)
      (conv2): Conv2d(256, 256, kernel_size=(3, 3), stride=(1, 1), padding=(1, 1), bias=False)
      (bn2): BatchNorm2d(256, eps=1e-05, momentum=0.1, affine=True, track_running_stats=True)
    )
  )
  (layer4): Sequential(
    (0): BasicBlock(
      (conv1): Conv2d(256, 512, kernel_size=(3, 3), stride=(2, 2), padding=(1, 1), bias=False)
      (bn1): BatchNorm2d(512, eps=1e-05, momentum=0.1, affine=True, track_running_stats=True)
      (relu): ReLU(inplace=True)
      (conv2): Conv2d(512, 512, kernel_size=(3, 3), stride=(1, 1), padding=(1, 1), bias=False)
      (bn2): BatchNorm2d(512, eps=1e-05, momentum=0.1, affine=True, track_running_stats=True)
      (downsample): Sequential(
        (0): Conv2d(256, 512, kernel_size=(1, 1), stride=(2, 2), bias=False)
        (1): BatchNorm2d(512, eps=1e-05, momentum=0.1, affine=True, track_running_stats=True)
      )
    )
    (1): BasicBlock(
      (conv1): Conv2d(512, 512, kernel_size=(3, 3), stride=(1, 1), padding=(1, 1), bias=False)
      (bn1): BatchNorm2d(512, eps=1e-05, momentum=0.1, affine=True, track_running_stats=True)
      (relu): ReLU(inplace=True)
      (conv2): Conv2d(512, 512, kernel_size=(3, 3), stride=(1, 1), padding=(1, 1), bias=False)
      (bn2): BatchNorm2d(512, eps=1e-05, momentum=0.1, affine=True, track_running_stats=True)
    )
  )
  (avgpool): AdaptiveAvgPool2d(output_size=(1, 1))
  (fc): Linear(in_features=512, out_features=10, bias=True)
)
********************************************************************************
Round   0
********************************************************************************
Round   1
Testing accuracy: 10.07
********************************************************************************
Round   2
********************************************************************************
Round   3
********************************************************************************
Round   4
Testing accuracy: 14.23
********************************************************************************
Round   5
********************************************************************************
Round   6
********************************************************************************
Round   7
Testing accuracy: 28.41
********************************************************************************
Round   8
********************************************************************************
Round   9
********************************************************************************
Round  10
Testing accuracy: 18.90
********************************************************************************
Round  11
********************************************************************************
Round  12
********************************************************************************
Round  13
Testing accuracy: 17.18
********************************************************************************
Round  14
********************************************************************************
Round  15
********************************************************************************
Round  16
Testing accuracy: 45.50
********************************************************************************
Round  17
********************************************************************************
Round  18
********************************************************************************
Round  19
Testing accuracy: 37.60
********************************************************************************
Round  20
********************************************************************************
Round  21
********************************************************************************
Round  22
Testing accuracy: 31.87
********************************************************************************
Round  23
********************************************************************************
Round  24
********************************************************************************
Round  25
Testing accuracy: 44.35
********************************************************************************
Round  26
********************************************************************************
Round  27
********************************************************************************
Round  28
Testing accuracy: 41.15
********************************************************************************
Round  29
********************************************************************************
Round  30
********************************************************************************
Round  31
Testing accuracy: 17.04
********************************************************************************
Round  32
********************************************************************************
Round  33
********************************************************************************
Round  34
Testing accuracy: 42.12
********************************************************************************
Round  35
********************************************************************************
Round  36
********************************************************************************
Round  37
Testing accuracy: 40.19
********************************************************************************
Round  38
********************************************************************************
Round  39
********************************************************************************
Round  40
Testing accuracy: 44.47
********************************************************************************
Round  41
********************************************************************************
Round  42
********************************************************************************
Round  43
Testing accuracy: 45.00
********************************************************************************
Round  44
********************************************************************************
Round  45
********************************************************************************
Round  46
Testing accuracy: 48.77
********************************************************************************
Round  47
********************************************************************************
Round  48
********************************************************************************
Round  49
Testing accuracy: 44.15
********************************************************************************
Round  50
********************************************************************************
Round  51
********************************************************************************
Round  52
Testing accuracy: 35.86
********************************************************************************
Round  53
********************************************************************************
Round  54
********************************************************************************
Round  55
Testing accuracy: 43.95
********************************************************************************
Round  56
********************************************************************************
Round  57
********************************************************************************
Round  58
Testing accuracy: 28.67
********************************************************************************
Round  59
********************************************************************************
Round  60
********************************************************************************
Round  61
Testing accuracy: 48.80
********************************************************************************
Round  62
********************************************************************************
Round  63
********************************************************************************
Round  64
Testing accuracy: 48.98
********************************************************************************
Round  65
********************************************************************************
Round  66
********************************************************************************
Round  67
Testing accuracy: 47.91
********************************************************************************
Round  68
********************************************************************************
Round  69
********************************************************************************
Round  70
Testing accuracy: 57.14
********************************************************************************
Round  71
********************************************************************************
Round  72
********************************************************************************
Round  73
Testing accuracy: 49.22
********************************************************************************
Round  74
********************************************************************************
Round  75
********************************************************************************
Round  76
Testing accuracy: 36.82
********************************************************************************
Round  77
********************************************************************************
Round  78
********************************************************************************
Round  79
Testing accuracy: 53.02
********************************************************************************
Round  80
********************************************************************************
Round  81
********************************************************************************
Round  82
Testing accuracy: 49.75
********************************************************************************
Round  83
********************************************************************************
Round  84
********************************************************************************
Round  85
Testing accuracy: 20.42
********************************************************************************
Round  86
********************************************************************************
Round  87
********************************************************************************
Round  88
Testing accuracy: 21.09
********************************************************************************
Round  89
********************************************************************************
Round  90
********************************************************************************
Round  91
Testing accuracy: 49.18
********************************************************************************
Round  92
********************************************************************************
Round  93
********************************************************************************
Round  94
Testing accuracy: 54.77
********************************************************************************
Round  95
********************************************************************************
Round  96
********************************************************************************
Round  97
Testing accuracy: 40.66
********************************************************************************
Round  98
********************************************************************************
Round  99
********************************************************************************
Round 100
Testing accuracy: 53.31
********************************************************************************
Round 101
********************************************************************************
Round 102
********************************************************************************
Round 103
Testing accuracy: 55.80
********************************************************************************
Round 104
********************************************************************************
Round 105
********************************************************************************
Round 106
Testing accuracy: 60.62
********************************************************************************
Round 107
********************************************************************************
Round 108
********************************************************************************
Round 109
Testing accuracy: 41.07
********************************************************************************
Round 110
********************************************************************************
Round 111
********************************************************************************
Round 112
Testing accuracy: 45.99
********************************************************************************
Round 113
********************************************************************************
Round 114
********************************************************************************
Round 115
Testing accuracy: 23.60
********************************************************************************
Round 116
********************************************************************************
Round 117
********************************************************************************
Round 118
Testing accuracy: 61.60
********************************************************************************
Round 119
********************************************************************************
Round 120
********************************************************************************
Round 121
Testing accuracy: 57.81
********************************************************************************
Round 122
********************************************************************************
Round 123
********************************************************************************
Round 124
Testing accuracy: 45.42
********************************************************************************
Round 125
********************************************************************************
Round 126
********************************************************************************
Round 127
Testing accuracy: 50.88
********************************************************************************
Round 128
********************************************************************************
Round 129
********************************************************************************
Round 130
Testing accuracy: 54.46
********************************************************************************
Round 131
********************************************************************************
Round 132
********************************************************************************
Round 133
Testing accuracy: 58.69
********************************************************************************
Round 134
********************************************************************************
Round 135
********************************************************************************
Round 136
Testing accuracy: 58.77
********************************************************************************
Round 137
********************************************************************************
Round 138
********************************************************************************
Round 139
Testing accuracy: 60.89
********************************************************************************
Round 140
********************************************************************************
Round 141
********************************************************************************
Round 142
Testing accuracy: 58.11
********************************************************************************
Round 143
********************************************************************************
Round 144
********************************************************************************
Round 145
Testing accuracy: 61.54
********************************************************************************
Round 146
********************************************************************************
Round 147
********************************************************************************
Round 148
Testing accuracy: 27.79
********************************************************************************
Round 149
********************************************************************************
Round 150
********************************************************************************
Round 151
Testing accuracy: 59.36
********************************************************************************
Round 152
********************************************************************************
Round 153
********************************************************************************
Round 154
Testing accuracy: 46.30
********************************************************************************
Round 155
********************************************************************************
Round 156
********************************************************************************
Round 157
Testing accuracy: 53.97
********************************************************************************
Round 158
********************************************************************************
Round 159
********************************************************************************
Round 160
Testing accuracy: 54.60
********************************************************************************
Round 161
********************************************************************************
Round 162
Traceback (most recent call last):
  File "C:\Users\Matrix\.conda\envs\flower\lib\site-packages\PIL\Image.py", line 385, in _getdecoder
    decoder = DECODERS[decoder_name]
KeyError: 'raw'
During handling of the above exception, another exception occurred:
Traceback (most recent call last):
  File "C:\Users\Matrix\Documents\Code\FedMut\FedMut\main_fed.py", line 327, in <module>
    FedAvg(net_glob, dataset_train, dataset_test, dict_users)
  File "C:\Users\Matrix\Documents\Code\FedMut\FedMut\main_fed.py", line 109, in FedAvg
    w = local.train(net=net_local)#返回参数状态字典
  File "C:\Users\Matrix\Documents\Code\FedMut\FedMut\models\Update.py", line 49, in train
    for batch_idx, (images, labels) in enumerate(self.ldr_train):
  File "C:\Users\Matrix\.conda\envs\flower\lib\site-packages\torch\utils\data\dataloader.py", line 631, in __next__
    data = self._next_data()
  File "C:\Users\Matrix\.conda\envs\flower\lib\site-packages\torch\utils\data\dataloader.py", line 675, in _next_data
    data = self._dataset_fetcher.fetch(index)  # may raise StopIteration
  File "C:\Users\Matrix\.conda\envs\flower\lib\site-packages\torch\utils\data\_utils\fetch.py", line 51, in fetch
    data = [self.dataset[idx] for idx in possibly_batched_index]
  File "C:\Users\Matrix\.conda\envs\flower\lib\site-packages\torch\utils\data\_utils\fetch.py", line 51, in <listcomp>
    data = [self.dataset[idx] for idx in possibly_batched_index]
  File "C:\Users\Matrix\Documents\Code\FedMut\FedMut\models\Update.py", line 23, in __getitem__
    image, label = self.dataset[self.idxs[item]]
  File "C:\Users\Matrix\.conda\envs\flower\lib\site-packages\torchvision\datasets\cifar.py", line 115, in __getitem__
    img = Image.fromarray(img)
  File "C:\Users\Matrix\.conda\envs\flower\lib\site-packages\PIL\Image.py", line 3122, in fromarray
    return frombuffer(mode, size, obj, "raw", rawmode, 0, 1)
  File "C:\Users\Matrix\.conda\envs\flower\lib\site-packages\PIL\Image.py", line 3037, in frombuffer
    return frombytes(mode, size, data, decoder_name, args)
  File "C:\Users\Matrix\.conda\envs\flower\lib\site-packages\PIL\Image.py", line 2979, in frombytes
    im.frombytes(data, decoder_name, args)
  File "C:\Users\Matrix\.conda\envs\flower\lib\site-packages\PIL\Image.py", line 809, in frombytes
    d = _getdecoder(self.mode, decoder_name, args)
  File "C:\Users\Matrix\.conda\envs\flower\lib\site-packages\PIL\Image.py", line 385, in _getdecoder
    decoder = DECODERS[decoder_name]
KeyboardInterrupt